TN:
SF:controllers\alertController.js
FN:79,dedupeAwareness
FN:81,(anonymous_1)
FN:92,ensureDefaultAwarenessForType
FN:100,(anonymous_3)
FN:125,fetchAwarenessByQuery
FN:134,getAwarenessForAlertType
FN:159,(anonymous_6)
FN:212,(anonymous_7)
FN:258,(anonymous_8)
FN:262,(anonymous_9)
FN:274,(anonymous_10)
FN:287,(anonymous_11)
FN:300,(anonymous_12)
FN:316,(anonymous_13)
FN:332,(anonymous_14)
FN:342,(anonymous_15)
FN:367,(anonymous_16)
FN:392,(anonymous_17)
FN:417,(anonymous_18)
FN:427,(anonymous_19)
FN:452,(anonymous_20)
FN:493,(anonymous_21)
FN:531,(anonymous_22)
FN:553,(anonymous_23)
FNF:24
FNH:12
FNDA:2,dedupeAwareness
FNDA:2,(anonymous_1)
FNDA:0,ensureDefaultAwarenessForType
FNDA:0,(anonymous_3)
FNDA:2,fetchAwarenessByQuery
FNDA:2,getAwarenessForAlertType
FNDA:2,(anonymous_6)
FNDA:0,(anonymous_7)
FNDA:0,(anonymous_8)
FNDA:0,(anonymous_9)
FNDA:0,(anonymous_10)
FNDA:0,(anonymous_11)
FNDA:2,(anonymous_12)
FNDA:0,(anonymous_13)
FNDA:1,(anonymous_14)
FNDA:0,(anonymous_15)
FNDA:3,(anonymous_16)
FNDA:3,(anonymous_17)
FNDA:1,(anonymous_18)
FNDA:0,(anonymous_19)
FNDA:2,(anonymous_20)
FNDA:0,(anonymous_21)
FNDA:2,(anonymous_22)
FNDA:0,(anonymous_23)
DA:1,4
DA:2,4
DA:3,4
DA:4,4
DA:6,4
DA:7,4
DA:9,4
DA:72,4
DA:80,2
DA:81,2
DA:82,2
DA:83,2
DA:84,2
DA:86,2
DA:87,2
DA:88,2
DA:93,0
DA:95,0
DA:96,0
DA:99,0
DA:101,0
DA:126,2
DA:131,2
DA:135,2
DA:137,2
DA:138,0
DA:140,2
DA:143,2
DA:145,2
DA:146,0
DA:147,0
DA:150,2
DA:151,0
DA:152,0
DA:155,2
DA:159,4
DA:160,2
DA:161,2
DA:164,2
DA:170,2
DA:176,2
DA:177,2
DA:180,2
DA:183,2
DA:192,1
DA:194,1
DA:204,1
DA:205,1
DA:212,4
DA:213,0
DA:214,0
DA:256,0
DA:259,0
DA:260,0
DA:263,0
DA:264,0
DA:268,0
DA:269,0
DA:274,4
DA:275,0
DA:276,0
DA:281,0
DA:282,0
DA:287,4
DA:288,0
DA:289,0
DA:294,0
DA:295,0
DA:300,4
DA:301,2
DA:302,2
DA:304,2
DA:305,1
DA:308,1
DA:309,0
DA:315,1
DA:316,1
DA:320,1
DA:322,1
DA:332,1
DA:336,1
DA:342,1
DA:343,0
DA:344,0
DA:346,1
DA:348,1
DA:361,0
DA:362,0
DA:367,4
DA:368,3
DA:380,3
DA:382,3
DA:383,1
DA:386,2
DA:387,0
DA:391,2
DA:392,3
DA:393,2
DA:394,1
DA:397,1
DA:398,1
DA:399,0
DA:404,1
DA:406,1
DA:417,1
DA:421,1
DA:427,1
DA:428,0
DA:429,0
DA:431,1
DA:433,1
DA:446,0
DA:447,0
DA:452,4
DA:453,2
DA:459,2
DA:461,2
DA:462,1
DA:465,1
DA:476,1
DA:481,1
DA:487,0
DA:488,0
DA:493,4
DA:494,0
DA:495,0
DA:497,0
DA:498,0
DA:499,0
DA:500,0
DA:502,0
DA:504,0
DA:515,0
DA:525,0
DA:526,0
DA:531,4
DA:532,2
DA:533,2
DA:535,2
DA:541,2
DA:542,1
DA:545,1
DA:547,0
DA:548,0
DA:553,4
DA:554,0
DA:555,0
DA:557,0
DA:558,0
DA:561,0
DA:583,0
DA:588,0
DA:589,0
LF:153
LH:92
BRDA:79,0,0,0
BRDA:82,1,0,2
BRDA:82,1,1,0
BRDA:82,1,2,0
BRDA:83,2,0,2
BRDA:83,2,1,0
BRDA:83,3,0,2
BRDA:83,3,1,2
BRDA:84,4,0,2
BRDA:84,4,1,0
BRDA:86,5,0,0
BRDA:86,5,1,2
BRDA:93,6,0,0
BRDA:93,6,1,0
BRDA:95,7,0,0
BRDA:95,7,1,0
BRDA:125,8,0,2
BRDA:134,9,0,0
BRDA:137,10,0,0
BRDA:137,10,1,2
BRDA:137,11,0,2
BRDA:137,11,1,2
BRDA:145,12,0,0
BRDA:145,12,1,2
BRDA:145,13,0,2
BRDA:145,13,1,0
BRDA:145,13,2,0
BRDA:150,14,0,0
BRDA:150,14,1,2
BRDA:150,15,0,2
BRDA:150,15,1,0
BRDA:150,15,2,0
BRDA:150,15,3,0
BRDA:161,16,0,1
BRDA:161,17,0,1
BRDA:176,18,0,0
BRDA:176,18,1,2
BRDA:177,19,0,0
BRDA:177,19,1,2
BRDA:302,20,0,2
BRDA:302,21,0,2
BRDA:304,22,0,1
BRDA:304,22,1,1
BRDA:304,23,0,2
BRDA:304,23,1,2
BRDA:308,24,0,0
BRDA:308,24,1,1
BRDA:316,25,0,0
BRDA:316,25,1,1
BRDA:316,26,0,1
BRDA:316,26,1,0
BRDA:346,27,0,1
BRDA:346,27,1,1
BRDA:354,28,0,1
BRDA:354,28,1,0
BRDA:355,29,0,1
BRDA:355,29,1,0
BRDA:356,30,0,1
BRDA:356,30,1,0
BRDA:357,31,0,1
BRDA:357,31,1,0
BRDA:370,32,0,0
BRDA:373,33,0,3
BRDA:374,34,0,3
BRDA:379,35,0,3
BRDA:382,36,0,1
BRDA:382,36,1,2
BRDA:382,37,0,3
BRDA:382,37,1,3
BRDA:386,38,0,0
BRDA:386,38,1,2
BRDA:386,39,0,2
BRDA:386,39,1,2
BRDA:393,40,0,1
BRDA:393,40,1,1
BRDA:397,41,0,1
BRDA:397,41,1,1
BRDA:397,41,2,0
BRDA:398,42,0,0
BRDA:398,42,1,1
BRDA:431,43,0,1
BRDA:431,43,1,1
BRDA:439,44,0,1
BRDA:439,44,1,0
BRDA:440,45,0,1
BRDA:440,45,1,0
BRDA:441,46,0,1
BRDA:441,46,1,0
BRDA:442,47,0,1
BRDA:442,47,1,0
BRDA:457,48,0,2
BRDA:461,49,0,1
BRDA:461,49,1,1
BRDA:461,50,0,2
BRDA:461,50,1,1
BRDA:495,51,0,0
BRDA:495,52,0,0
BRDA:498,53,0,0
BRDA:498,53,1,0
BRDA:499,54,0,0
BRDA:499,54,1,0
BRDA:500,55,0,0
BRDA:500,55,1,0
BRDA:541,56,0,1
BRDA:541,56,1,1
BRDA:555,57,0,0
BRDA:557,58,0,0
BRDA:557,58,1,0
BRDA:557,59,0,0
BRDA:557,59,1,0
BRF:110
BRH:61
end_of_record
TN:
SF:controllers\analyticsController.js
FN:6,(anonymous_0)
FN:21,(anonymous_1)
FN:36,(anonymous_2)
FNF:3
FNH:0
FNDA:0,(anonymous_0)
FNDA:0,(anonymous_1)
FNDA:0,(anonymous_2)
DA:1,3
DA:6,3
DA:7,0
DA:8,0
DA:12,0
DA:14,0
DA:21,3
DA:22,0
DA:23,0
DA:27,0
DA:29,0
DA:36,3
DA:37,0
DA:38,0
DA:50,0
DA:52,0
LF:16
LH:4
BRF:0
BRH:0
end_of_record
TN:
SF:controllers\authController.js
FN:5,(anonymous_0)
FN:12,(anonymous_1)
FN:72,(anonymous_2)
FN:107,(anonymous_3)
FN:134,(anonymous_4)
FN:147,(anonymous_5)
FNF:6
FNH:0
FNDA:0,(anonymous_0)
FNDA:0,(anonymous_1)
FNDA:0,(anonymous_2)
FNDA:0,(anonymous_3)
FNDA:0,(anonymous_4)
FNDA:0,(anonymous_5)
DA:1,3
DA:2,3
DA:5,3
DA:6,0
DA:12,3
DA:13,0
DA:15,0
DA:17,0
DA:18,0
DA:20,0
DA:21,0
DA:22,0
DA:26,0
DA:32,0
DA:33,0
DA:39,0
DA:46,0
DA:54,0
DA:64,0
DA:65,0
DA:72,3
DA:73,0
DA:75,0
DA:76,0
DA:77,0
DA:79,0
DA:80,0
DA:81,0
DA:84,0
DA:85,0
DA:86,0
DA:89,0
DA:99,0
DA:100,0
DA:107,3
DA:108,0
DA:109,0
DA:111,0
DA:112,0
DA:115,0
DA:116,0
DA:122,0
DA:124,0
DA:126,0
DA:127,0
DA:134,3
DA:135,0
DA:136,0
DA:137,0
DA:139,0
DA:140,0
DA:147,3
DA:148,0
DA:149,0
DA:150,0
DA:152,0
DA:153,0
LF:57
LH:8
BRDA:17,0,0,0
BRDA:17,0,1,0
BRDA:17,1,0,0
BRDA:17,1,1,0
BRDA:17,1,2,0
BRDA:21,2,0,0
BRDA:21,2,1,0
BRDA:26,3,0,0
BRDA:26,3,1,0
BRDA:27,4,0,0
BRDA:27,4,1,0
BRDA:27,4,2,0
BRDA:27,4,3,0
BRDA:33,5,0,0
BRDA:33,5,1,0
BRDA:34,6,0,0
BRDA:34,6,1,0
BRDA:34,6,2,0
BRDA:34,6,3,0
BRDA:34,6,4,0
BRDA:34,6,5,0
BRDA:76,7,0,0
BRDA:76,7,1,0
BRDA:76,8,0,0
BRDA:76,8,1,0
BRDA:80,9,0,0
BRDA:80,9,1,0
BRDA:85,10,0,0
BRDA:85,10,1,0
BRDA:111,11,0,0
BRDA:111,11,1,0
BRDA:111,12,0,0
BRDA:111,12,1,0
BRDA:122,13,0,0
BRDA:122,13,1,0
BRF:35
BRH:0
end_of_record
TN:
SF:controllers\awarenessController.js
FN:69,dedupeAwareness
FN:71,(anonymous_1)
FN:82,limitAwareness
FN:86,ensureDefaultAwarenessForType
FN:94,(anonymous_4)
FN:123,(anonymous_5)
FN:161,(anonymous_6)
FN:199,(anonymous_7)
FN:253,(anonymous_8)
FN:322,(anonymous_9)
FN:342,(anonymous_10)
FN:367,(anonymous_11)
FNF:12
FNH:9
FNDA:1,dedupeAwareness
FNDA:1,(anonymous_1)
FNDA:1,limitAwareness
FNDA:0,ensureDefaultAwarenessForType
FNDA:0,(anonymous_4)
FNDA:3,(anonymous_5)
FNDA:1,(anonymous_6)
FNDA:2,(anonymous_7)
FNDA:0,(anonymous_8)
FNDA:2,(anonymous_9)
FNDA:2,(anonymous_10)
FNDA:2,(anonymous_11)
DA:1,4
DA:2,4
DA:3,4
DA:4,4
DA:6,4
DA:70,1
DA:71,1
DA:72,1
DA:73,1
DA:74,1
DA:76,1
DA:77,1
DA:78,1
DA:83,1
DA:87,0
DA:89,0
DA:90,0
DA:93,0
DA:95,0
DA:123,4
DA:124,3
DA:133,3
DA:135,3
DA:136,1
DA:139,2
DA:150,1
DA:152,1
DA:153,1
DA:161,4
DA:162,1
DA:163,1
DA:165,1
DA:166,1
DA:168,1
DA:170,1
DA:179,1
DA:189,0
DA:190,0
DA:199,4
DA:200,2
DA:201,2
DA:203,2
DA:204,2
DA:205,1
DA:210,1
DA:217,1
DA:219,1
DA:220,0
DA:221,0
DA:227,0
DA:230,1
DA:231,0
DA:232,0
DA:238,0
DA:241,1
DA:243,0
DA:244,0
DA:253,4
DA:254,0
DA:255,0
DA:257,0
DA:258,0
DA:259,0
DA:265,0
DA:270,0
DA:271,0
DA:275,0
DA:280,0
DA:281,0
DA:285,0
DA:286,0
DA:287,0
DA:288,0
DA:304,0
DA:306,0
DA:313,0
DA:314,0
DA:322,4
DA:323,2
DA:324,2
DA:327,2
DA:328,1
DA:331,1
DA:333,0
DA:334,0
DA:342,4
DA:343,2
DA:344,2
DA:345,2
DA:348,2
DA:350,2
DA:352,2
DA:353,1
DA:356,1
DA:358,0
DA:359,0
DA:367,4
DA:368,2
DA:369,2
DA:375,2
DA:376,1
DA:379,1
DA:381,0
DA:382,0
LF:104
LH:64
BRDA:69,0,0,0
BRDA:72,1,0,1
BRDA:72,1,1,0
BRDA:72,1,2,0
BRDA:73,2,0,1
BRDA:73,2,1,1
BRDA:73,3,0,1
BRDA:73,3,1,1
BRDA:74,4,0,1
BRDA:74,4,1,0
BRDA:76,5,0,0
BRDA:76,5,1,1
BRDA:82,6,0,0
BRDA:87,7,0,0
BRDA:87,7,1,0
BRDA:89,8,0,0
BRDA:89,8,1,0
BRDA:129,9,0,3
BRDA:130,10,0,3
BRDA:131,11,0,3
BRDA:132,12,0,3
BRDA:135,13,0,1
BRDA:135,13,1,2
BRDA:135,14,0,3
BRDA:135,14,1,3
BRDA:135,14,2,2
BRDA:163,15,0,0
BRDA:163,16,0,0
BRDA:166,17,0,0
BRDA:166,17,1,1
BRDA:204,18,0,1
BRDA:204,18,1,1
BRDA:219,19,0,0
BRDA:219,19,1,1
BRDA:230,20,0,0
BRDA:230,20,1,1
BRDA:230,21,0,1
BRDA:230,21,1,0
BRDA:255,22,0,0
BRDA:255,23,0,0
BRDA:258,24,0,0
BRDA:258,24,1,0
BRDA:270,25,0,0
BRDA:270,25,1,0
BRDA:280,26,0,0
BRDA:280,26,1,0
BRDA:327,27,0,1
BRDA:327,27,1,1
BRDA:352,28,0,1
BRDA:352,28,1,1
BRDA:375,29,0,1
BRDA:375,29,1,1
BRF:52
BRH:28
end_of_record
TN:
SF:controllers\incidentController.js
FN:7,(anonymous_0)
FN:42,(anonymous_1)
FN:61,(anonymous_2)
FN:70,(anonymous_3)
FN:82,(anonymous_4)
FN:95,(anonymous_5)
FN:117,(anonymous_6)
FN:140,(anonymous_7)
FN:169,(anonymous_8)
FN:180,(anonymous_9)
FN:192,(anonymous_10)
FN:215,(anonymous_11)
FN:225,(anonymous_12)
FN:237,(anonymous_13)
FNF:14
FNH:6
FNDA:4,(anonymous_0)
FNDA:0,(anonymous_1)
FNDA:0,(anonymous_2)
FNDA:0,(anonymous_3)
FNDA:2,(anonymous_4)
FNDA:4,(anonymous_5)
FNDA:4,(anonymous_6)
FNDA:3,(anonymous_7)
FNDA:0,(anonymous_8)
FNDA:0,(anonymous_9)
FNDA:2,(anonymous_10)
FNDA:0,(anonymous_11)
FNDA:0,(anonymous_12)
FNDA:0,(anonymous_13)
DA:1,3
DA:2,3
DA:7,3
DA:8,4
DA:9,4
DA:12,4
DA:13,4
DA:14,2
DA:19,2
DA:20,0
DA:21,0
DA:23,0
DA:26,2
DA:30,2
DA:31,0
DA:35,2
DA:36,1
DA:40,1
DA:41,1
DA:42,0
DA:45,1
DA:55,1
DA:61,0
DA:64,1
DA:70,0
DA:72,1
DA:74,0
DA:75,0
DA:82,3
DA:83,2
DA:84,2
DA:86,2
DA:88,0
DA:95,3
DA:96,4
DA:97,4
DA:99,4
DA:100,1
DA:104,3
DA:105,0
DA:108,3
DA:110,0
DA:117,3
DA:118,4
DA:119,4
DA:120,4
DA:122,4
DA:123,4
DA:124,4
DA:126,4
DA:131,4
DA:133,0
DA:140,3
DA:141,3
DA:142,3
DA:143,3
DA:149,3
DA:150,1
DA:154,2
DA:162,2
DA:163,2
DA:169,0
DA:173,2
DA:174,0
DA:180,0
DA:183,2
DA:185,0
DA:192,3
DA:193,2
DA:194,2
DA:195,2
DA:196,2
DA:198,2
DA:204,2
DA:205,1
DA:209,1
DA:215,0
DA:218,1
DA:219,1
DA:225,0
DA:228,1
DA:230,0
DA:237,3
DA:238,0
DA:239,0
DA:241,0
DA:242,0
DA:246,0
DA:247,0
DA:250,0
DA:252,0
DA:254,0
DA:255,0
DA:259,3
LF:94
LH:64
BRDA:13,0,0,2
BRDA:13,0,1,2
BRDA:19,1,0,0
BRDA:19,1,1,2
BRDA:30,2,0,0
BRDA:30,2,1,2
BRDA:30,3,0,2
BRDA:30,3,1,2
BRDA:30,3,2,2
BRDA:35,4,0,1
BRDA:35,4,1,1
BRDA:35,5,0,2
BRDA:35,5,1,2
BRDA:35,5,2,1
BRDA:35,5,3,1
BRDA:41,6,0,0
BRDA:41,6,1,1
BRDA:41,7,0,1
BRDA:41,7,1,0
BRDA:68,8,0,0
BRDA:68,8,1,1
BRDA:99,9,0,1
BRDA:99,9,1,3
BRDA:104,10,0,0
BRDA:104,10,1,3
BRDA:104,11,0,3
BRDA:104,11,1,2
BRDA:122,12,0,1
BRDA:122,12,1,3
BRDA:123,13,0,1
BRDA:123,13,1,3
BRDA:124,14,0,0
BRDA:124,14,1,4
BRDA:149,15,0,1
BRDA:149,15,1,2
BRDA:162,16,0,2
BRDA:162,16,1,0
BRDA:165,17,0,2
BRDA:165,17,1,0
BRDA:167,18,0,1
BRDA:167,18,1,1
BRDA:167,19,0,2
BRDA:167,19,1,1
BRDA:173,20,0,0
BRDA:173,20,1,2
BRDA:196,21,0,1
BRDA:196,21,1,1
BRDA:204,22,0,1
BRDA:204,22,1,1
BRDA:213,23,0,0
BRDA:213,23,1,1
BRDA:218,24,0,1
BRDA:218,24,1,0
BRDA:241,25,0,0
BRDA:241,25,1,0
BRDA:246,26,0,0
BRDA:246,26,1,0
BRF:57
BRH:41
end_of_record
TN:
SF:controllers\notificationController.js
FN:8,(anonymous_0)
FN:32,(anonymous_1)
FN:72,(anonymous_2)
FN:87,(anonymous_3)
FN:113,(anonymous_4)
FN:117,(anonymous_5)
FN:129,(anonymous_6)
FN:153,(anonymous_7)
FN:171,(anonymous_8)
FN:195,(anonymous_9)
FN:222,(anonymous_10)
FN:238,(anonymous_11)
FN:263,(anonymous_12)
FN:300,(anonymous_13)
FNF:14
FNH:7
FNDA:0,(anonymous_0)
FNDA:2,(anonymous_1)
FNDA:0,(anonymous_2)
FNDA:0,(anonymous_3)
FNDA:0,(anonymous_4)
FNDA:0,(anonymous_5)
FNDA:2,(anonymous_6)
FNDA:1,(anonymous_7)
FNDA:2,(anonymous_8)
FNDA:6,(anonymous_9)
FNDA:3,(anonymous_10)
FNDA:4,(anonymous_11)
FNDA:0,(anonymous_12)
FNDA:0,(anonymous_13)
DA:1,4
DA:2,4
DA:3,4
DA:8,4
DA:9,0
DA:11,0
DA:12,0
DA:21,0
DA:26,0
DA:27,0
DA:32,4
DA:33,2
DA:34,2
DA:37,2
DA:39,2
DA:40,2
DA:41,2
DA:44,2
DA:47,2
DA:54,1
DA:56,1
DA:66,1
DA:67,1
DA:72,4
DA:73,0
DA:74,0
DA:79,0
DA:81,0
DA:82,0
DA:87,4
DA:88,0
DA:89,0
DA:109,0
DA:114,0
DA:115,0
DA:118,0
DA:119,0
DA:123,0
DA:124,0
DA:129,4
DA:130,2
DA:131,2
DA:133,2
DA:138,2
DA:139,1
DA:142,1
DA:143,1
DA:145,1
DA:147,0
DA:148,0
DA:153,4
DA:154,1
DA:155,1
DA:160,1
DA:165,0
DA:166,0
DA:171,4
DA:172,2
DA:173,2
DA:175,2
DA:180,2
DA:181,1
DA:184,1
DA:186,0
DA:187,0
DA:195,4
DA:203,6
DA:204,6
DA:214,6
DA:216,0
DA:217,0
DA:222,4
DA:230,3
DA:231,3
DA:233,3
DA:238,4
DA:248,3
DA:250,2
DA:251,2
DA:253,0
DA:254,0
DA:263,4
DA:264,0
DA:265,0
DA:267,0
DA:268,0
DA:269,0
DA:270,0
DA:272,0
DA:274,0
DA:284,0
DA:294,0
DA:295,0
DA:300,4
DA:301,0
DA:302,0
DA:304,0
DA:306,0
DA:307,0
DA:310,0
DA:312,0
DA:313,0
LF:102
LH:53
BRDA:16,0,0,0
BRDA:16,0,1,0
BRDA:17,1,0,0
BRDA:17,1,1,0
BRDA:34,2,0,1
BRDA:34,3,0,1
BRDA:39,4,0,0
BRDA:39,4,1,2
BRDA:40,5,0,0
BRDA:40,5,1,2
BRDA:41,6,0,0
BRDA:41,6,1,2
BRDA:138,7,0,1
BRDA:138,7,1,1
BRDA:180,8,0,1
BRDA:180,8,1,1
BRDA:198,9,0,1
BRDA:199,10,0,1
BRDA:200,11,0,1
BRDA:201,12,0,6
BRDA:225,13,0,2
BRDA:226,14,0,2
BRDA:227,15,0,2
BRDA:228,16,0,3
BRDA:231,17,0,2
BRDA:231,17,1,1
BRDA:248,18,0,1
BRDA:248,18,1,2
BRDA:265,19,0,0
BRDA:265,20,0,0
BRDA:268,21,0,0
BRDA:268,21,1,0
BRDA:269,22,0,0
BRDA:269,22,1,0
BRDA:270,23,0,0
BRDA:270,23,1,0
BRDA:306,24,0,0
BRDA:306,24,1,0
BRF:38
BRH:21
end_of_record
TN:
SF:controllers\predictiveAnalyticsController.js
FN:16,getRiskLevel
FN:25,buildStats
FN:34,(anonymous_2)
FN:47,getAvgResolutionHours
FN:48,(anonymous_4)
FN:51,(anonymous_5)
FN:61,(anonymous_6)
FN:77,(anonymous_7)
FN:113,(anonymous_8)
FN:129,(anonymous_9)
FN:161,(anonymous_10)
FNF:11
FNH:0
FNDA:0,getRiskLevel
FNDA:0,buildStats
FNDA:0,(anonymous_2)
FNDA:0,getAvgResolutionHours
FNDA:0,(anonymous_4)
FNDA:0,(anonymous_5)
FNDA:0,(anonymous_6)
FNDA:0,(anonymous_7)
FNDA:0,(anonymous_8)
FNDA:0,(anonymous_9)
FNDA:0,(anonymous_10)
DA:1,3
DA:2,3
DA:5,3
DA:17,0
DA:18,0
DA:19,0
DA:20,0
DA:26,0
DA:34,0
DA:35,0
DA:36,0
DA:37,0
DA:38,0
DA:42,0
DA:48,0
DA:49,0
DA:51,0
DA:52,0
DA:55,0
DA:61,3
DA:62,0
DA:64,0
DA:65,0
DA:67,0
DA:72,0
DA:75,0
DA:76,0
DA:77,0
DA:80,0
DA:87,0
DA:88,0
DA:89,0
DA:90,0
DA:92,0
DA:96,0
DA:105,0
DA:106,0
DA:113,3
DA:114,0
DA:116,0
DA:117,0
DA:118,0
DA:122,0
DA:128,0
DA:129,0
DA:132,0
DA:133,0
DA:134,0
DA:136,0
DA:139,0
DA:153,0
DA:154,0
DA:161,3
DA:162,0
DA:164,0
DA:166,0
DA:167,0
DA:171,0
DA:174,0
DA:175,0
DA:176,0
DA:177,0
DA:178,0
DA:179,0
DA:183,0
DA:184,0
DA:185,0
DA:187,0
DA:190,0
DA:198,0
DA:199,0
DA:203,3
LF:72
LH:7
BRDA:17,0,0,0
BRDA:17,0,1,0
BRDA:18,1,0,0
BRDA:18,1,1,0
BRDA:19,2,0,0
BRDA:19,2,1,0
BRDA:35,3,0,0
BRDA:35,3,1,0
BRDA:36,4,0,0
BRDA:36,4,1,0
BRDA:37,5,0,0
BRDA:37,5,1,0
BRDA:38,6,0,0
BRDA:38,6,1,0
BRDA:49,7,0,0
BRDA:49,7,1,0
BRDA:82,8,0,0
BRDA:82,8,1,0
BRDA:83,9,0,0
BRDA:83,9,1,0
BRDA:83,10,0,0
BRDA:83,10,1,0
BRDA:88,11,0,0
BRDA:88,11,1,0
BRDA:117,12,0,0
BRDA:117,12,1,0
BRDA:142,13,0,0
BRDA:142,13,1,0
BRDA:146,14,0,0
BRDA:146,14,1,0
BRDA:147,15,0,0
BRDA:147,15,1,0
BRDA:166,16,0,0
BRDA:166,16,1,0
BRDA:174,17,0,0
BRDA:174,17,1,0
BRF:36
BRH:0
end_of_record
TN:
SF:controllers\rangerController.js
FN:11,(anonymous_0)
FN:31,(anonymous_1)
FN:49,(anonymous_2)
FN:50,(anonymous_3)
FN:106,(anonymous_4)
FN:160,(anonymous_5)
FN:219,(anonymous_6)
FN:269,(anonymous_7)
FN:300,(anonymous_8)
FN:341,(anonymous_9)
FN:370,(anonymous_10)
FN:404,(anonymous_11)
FN:482,(anonymous_12)
FN:507,(anonymous_13)
FN:533,(anonymous_14)
FNF:15
FNH:14
FNDA:1,(anonymous_0)
FNDA:0,(anonymous_1)
FNDA:1,(anonymous_2)
FNDA:1,(anonymous_3)
FNDA:3,(anonymous_4)
FNDA:1,(anonymous_5)
FNDA:2,(anonymous_6)
FNDA:3,(anonymous_7)
FNDA:2,(anonymous_8)
FNDA:3,(anonymous_9)
FNDA:1,(anonymous_10)
FNDA:2,(anonymous_11)
FNDA:3,(anonymous_12)
FNDA:1,(anonymous_13)
FNDA:4,(anonymous_14)
DA:1,3
DA:2,3
DA:3,3
DA:4,3
DA:5,3
DA:11,3
DA:12,1
DA:13,1
DA:14,1
DA:15,1
DA:16,1
DA:18,1
DA:21,1
DA:22,0
DA:31,0
DA:32,0
DA:33,0
DA:40,1
DA:49,1
DA:50,1
DA:52,1
DA:53,1
DA:54,1
DA:55,1
DA:57,1
DA:58,1
DA:59,1
DA:67,1
DA:68,1
DA:83,1
DA:84,0
DA:86,1
DA:89,1
DA:98,0
DA:99,0
DA:106,3
DA:107,3
DA:108,3
DA:109,3
DA:111,3
DA:112,3
DA:113,1
DA:115,2
DA:116,0
DA:119,2
DA:120,2
DA:121,0
DA:123,2
DA:124,1
DA:127,1
DA:142,1
DA:143,0
DA:146,1
DA:152,0
DA:153,0
DA:160,3
DA:161,1
DA:162,1
DA:163,1
DA:164,1
DA:166,1
DA:167,1
DA:168,0
DA:170,1
DA:171,0
DA:174,1
DA:175,1
DA:176,0
DA:178,1
DA:179,0
DA:182,1
DA:201,1
DA:202,1
DA:204,1
DA:209,0
DA:210,0
DA:219,3
DA:220,2
DA:221,2
DA:222,2
DA:224,2
DA:227,2
DA:228,0
DA:230,2
DA:231,1
DA:234,1
DA:235,1
DA:236,0
DA:244,1
DA:245,1
DA:261,0
DA:262,0
DA:269,3
DA:270,3
DA:271,3
DA:272,3
DA:274,3
DA:275,3
DA:276,0
DA:279,3
DA:287,3
DA:288,0
DA:290,3
DA:292,0
DA:293,0
DA:300,3
DA:301,2
DA:302,2
DA:303,2
DA:304,2
DA:306,2
DA:307,2
DA:308,0
DA:311,2
DA:326,2
DA:327,0
DA:329,2
DA:331,0
DA:332,0
DA:341,3
DA:342,3
DA:343,3
DA:344,3
DA:346,3
DA:347,3
DA:348,1
DA:350,2
DA:351,1
DA:354,1
DA:355,1
DA:359,1
DA:360,1
DA:362,0
DA:363,0
DA:370,3
DA:371,1
DA:372,1
DA:373,1
DA:375,1
DA:376,1
DA:377,0
DA:380,1
DA:388,1
DA:389,0
DA:391,1
DA:393,0
DA:394,0
DA:404,3
DA:405,2
DA:406,2
DA:407,2
DA:408,2
DA:410,2
DA:411,2
DA:412,0
DA:415,2
DA:416,2
DA:417,0
DA:419,2
DA:420,2
DA:421,0
DA:426,2
DA:428,2
DA:432,2
DA:433,2
DA:434,0
DA:435,0
DA:446,2
DA:447,2
DA:459,2
DA:460,0
DA:463,2
DA:468,2
DA:471,2
DA:473,0
DA:474,0
DA:482,3
DA:483,3
DA:484,3
DA:485,3
DA:487,3
DA:488,3
DA:489,0
DA:492,3
DA:493,3
DA:494,0
DA:496,3
DA:497,3
DA:498,0
DA:503,3
DA:504,1
DA:507,2
DA:508,2
DA:509,1
DA:512,1
DA:517,1
DA:520,1
DA:522,0
DA:523,0
DA:533,3
DA:534,4
DA:535,4
DA:536,4
DA:537,4
DA:539,4
DA:540,1
DA:543,3
DA:544,3
DA:545,0
DA:548,3
DA:549,3
DA:550,0
DA:552,3
DA:553,3
DA:554,1
DA:559,2
DA:561,2
DA:585,2
DA:591,2
DA:592,2
DA:593,2
DA:595,2
DA:602,0
DA:603,0
DA:607,3
LF:225
LH:172
BRDA:13,0,0,1
BRDA:13,1,0,1
BRDA:21,2,0,0
BRDA:21,2,1,1
BRDA:32,3,0,0
BRDA:32,3,1,0
BRDA:41,4,0,0
BRDA:41,4,1,1
BRDA:45,5,0,0
BRDA:45,5,1,1
BRDA:46,6,0,0
BRDA:46,6,1,1
BRDA:50,7,0,1
BRDA:50,7,1,1
BRDA:55,8,0,0
BRDA:55,8,1,1
BRDA:58,9,0,1
BRDA:58,9,1,0
BRDA:67,10,0,1
BRDA:67,10,1,0
BRDA:83,11,0,0
BRDA:83,11,1,1
BRDA:112,12,0,1
BRDA:112,12,1,2
BRDA:115,13,0,0
BRDA:115,13,1,2
BRDA:120,14,0,0
BRDA:120,14,1,2
BRDA:123,15,0,1
BRDA:123,15,1,1
BRDA:142,16,0,0
BRDA:142,16,1,1
BRDA:163,17,0,1
BRDA:163,17,1,0
BRDA:167,18,0,0
BRDA:167,18,1,1
BRDA:170,19,0,0
BRDA:170,19,1,1
BRDA:175,20,0,0
BRDA:175,20,1,1
BRDA:178,21,0,0
BRDA:178,21,1,1
BRDA:187,22,0,1
BRDA:187,22,1,0
BRDA:227,23,0,0
BRDA:227,23,1,2
BRDA:230,24,0,1
BRDA:230,24,1,1
BRDA:235,25,0,0
BRDA:235,25,1,1
BRDA:244,26,0,1
BRDA:244,26,1,0
BRDA:275,27,0,0
BRDA:275,27,1,3
BRDA:275,28,0,3
BRDA:275,28,1,3
BRDA:287,29,0,0
BRDA:287,29,1,3
BRDA:303,30,0,2
BRDA:303,30,1,1
BRDA:307,31,0,0
BRDA:307,31,1,2
BRDA:307,32,0,2
BRDA:307,32,1,2
BRDA:320,33,0,2
BRDA:320,33,1,1
BRDA:326,34,0,0
BRDA:326,34,1,2
BRDA:347,35,0,1
BRDA:347,35,1,2
BRDA:350,36,0,1
BRDA:350,36,1,1
BRDA:354,37,0,1
BRDA:354,37,1,0
BRDA:355,38,0,1
BRDA:355,38,1,0
BRDA:355,39,0,1
BRDA:355,39,1,1
BRDA:376,40,0,0
BRDA:376,40,1,1
BRDA:376,41,0,1
BRDA:376,41,1,1
BRDA:388,42,0,0
BRDA:388,42,1,1
BRDA:408,43,0,2
BRDA:408,43,1,0
BRDA:411,44,0,0
BRDA:411,44,1,2
BRDA:411,45,0,2
BRDA:411,45,1,2
BRDA:416,46,0,0
BRDA:416,46,1,2
BRDA:420,47,0,0
BRDA:420,47,1,2
BRDA:426,48,0,2
BRDA:426,48,1,0
BRDA:428,49,0,0
BRDA:428,49,1,2
BRDA:428,50,0,2
BRDA:428,50,1,0
BRDA:434,51,0,0
BRDA:434,51,1,0
BRDA:434,52,0,0
BRDA:434,52,1,0
BRDA:434,52,2,0
BRDA:434,52,3,0
BRDA:436,53,0,0
BRDA:436,53,1,0
BRDA:437,54,0,0
BRDA:437,54,1,0
BRDA:437,55,0,0
BRDA:437,55,1,0
BRDA:438,56,0,0
BRDA:438,56,1,0
BRDA:439,57,0,0
BRDA:439,57,1,0
BRDA:440,58,0,0
BRDA:440,58,1,0
BRDA:446,59,0,2
BRDA:446,59,1,0
BRDA:446,60,0,2
BRDA:446,60,1,2
BRDA:446,60,2,0
BRDA:446,60,3,0
BRDA:450,61,0,2
BRDA:450,61,1,0
BRDA:451,62,0,2
BRDA:451,62,1,0
BRDA:452,63,0,2
BRDA:452,63,1,2
BRDA:459,64,0,0
BRDA:459,64,1,2
BRDA:488,65,0,0
BRDA:488,65,1,3
BRDA:488,66,0,3
BRDA:488,66,1,3
BRDA:493,67,0,0
BRDA:493,67,1,3
BRDA:497,68,0,0
BRDA:497,68,1,3
BRDA:503,69,0,1
BRDA:503,69,1,2
BRDA:507,70,0,1
BRDA:507,70,1,1
BRDA:508,71,0,1
BRDA:508,71,1,1
BRDA:536,72,0,3
BRDA:536,73,0,4
BRDA:536,73,1,0
BRDA:539,74,0,1
BRDA:539,74,1,3
BRDA:539,75,0,4
BRDA:539,75,1,4
BRDA:544,76,0,0
BRDA:544,76,1,3
BRDA:544,77,0,3
BRDA:544,77,1,3
BRDA:549,78,0,0
BRDA:549,78,1,3
BRDA:553,79,0,1
BRDA:553,79,1,2
BRDA:559,80,0,0
BRDA:559,80,1,2
BRDA:569,81,0,2
BRDA:569,81,1,0
BRF:165
BRH:96
end_of_record
TN:
SF:controllers\resourceController.js
FN:4,(anonymous_0)
FN:14,(anonymous_1)
FN:26,(anonymous_2)
FN:36,(anonymous_3)
FN:55,(anonymous_4)
FN:66,(anonymous_5)
FNF:6
FNH:0
FNDA:0,(anonymous_0)
FNDA:0,(anonymous_1)
FNDA:0,(anonymous_2)
FNDA:0,(anonymous_3)
FNDA:0,(anonymous_4)
FNDA:0,(anonymous_5)
DA:1,0
DA:2,0
DA:4,0
DA:5,0
DA:6,0
DA:7,0
DA:8,0
DA:10,0
DA:14,0
DA:15,0
DA:16,0
DA:17,0
DA:18,0
DA:19,0
DA:20,0
DA:22,0
DA:26,0
DA:27,0
DA:28,0
DA:29,0
DA:30,0
DA:32,0
DA:36,0
DA:37,0
DA:38,0
DA:39,0
DA:40,0
DA:42,0
DA:43,0
DA:45,0
DA:46,0
DA:47,0
DA:49,0
DA:51,0
DA:55,0
DA:56,0
DA:57,0
DA:58,0
DA:59,0
DA:60,0
DA:62,0
DA:66,0
DA:67,0
DA:68,0
DA:69,0
DA:70,0
DA:72,0
DA:76,0
LF:48
LH:0
BRDA:18,0,0,0
BRDA:18,0,1,0
BRDA:29,1,0,0
BRDA:29,1,1,0
BRDA:40,2,0,0
BRDA:40,2,1,0
BRDA:43,3,0,0
BRDA:43,3,1,0
BRDA:59,4,0,0
BRDA:59,4,1,0
BRDA:69,5,0,0
BRDA:69,5,1,0
BRF:12
BRH:0
end_of_record
TN:
SF:controllers\staffController.js
FN:4,(anonymous_0)
FN:21,(anonymous_1)
FN:30,(anonymous_2)
FN:40,(anonymous_3)
FN:51,(anonymous_4)
FNF:5
FNH:0
FNDA:0,(anonymous_0)
FNDA:0,(anonymous_1)
FNDA:0,(anonymous_2)
FNDA:0,(anonymous_3)
FNDA:0,(anonymous_4)
DA:1,0
DA:2,0
DA:4,0
DA:5,0
DA:6,0
DA:8,0
DA:9,0
DA:11,0
DA:12,0
DA:14,0
DA:15,0
DA:17,0
DA:21,0
DA:22,0
DA:23,0
DA:24,0
DA:26,0
DA:30,0
DA:31,0
DA:32,0
DA:33,0
DA:34,0
DA:36,0
DA:40,0
DA:41,0
DA:42,0
DA:43,0
DA:44,0
DA:45,0
DA:47,0
DA:51,0
DA:52,0
DA:53,0
DA:54,0
DA:55,0
DA:57,0
DA:61,0
LF:37
LH:0
BRDA:9,0,0,0
BRDA:9,0,1,0
BRDA:12,1,0,0
BRDA:12,1,1,0
BRDA:33,2,0,0
BRDA:33,2,1,0
BRDA:44,3,0,0
BRDA:44,3,1,0
BRDA:54,4,0,0
BRDA:54,4,1,0
BRF:10
BRH:0
end_of_record
TN:
SF:controllers\suggestRangerStepsController.js
FN:61,getSuggestedRangerSteps
FN:82,(anonymous_1)
FN:83,(anonymous_2)
FNF:3
FNH:3
FNDA:1,getSuggestedRangerSteps
FNDA:6,(anonymous_1)
FNDA:6,(anonymous_2)
DA:6,3
DA:9,3
DA:62,1
DA:63,1
DA:65,1
DA:71,1
DA:79,1
DA:80,1
DA:82,6
DA:83,6
DA:84,1
DA:85,1
DA:88,0
DA:91,3
LF:14
LH:13
BRDA:61,0,0,0
BRDA:62,1,0,1
BRDA:62,1,1,1
BRDA:62,1,2,0
BRDA:63,2,0,1
BRDA:63,2,1,0
BRDA:67,3,0,1
BRDA:67,3,1,0
BRDA:79,4,0,1
BRDA:79,4,1,0
BRDA:84,5,0,1
BRDA:84,5,1,0
BRF:12
BRH:6
end_of_record
TN:
SF:controllers\resourceStaff\resourceController.js
FN:4,(anonymous_0)
FN:14,(anonymous_1)
FN:32,(anonymous_2)
FN:48,(anonymous_3)
FN:94,(anonymous_4)
FN:105,(anonymous_5)
FNF:6
FNH:6
FNDA:5,(anonymous_0)
FNDA:3,(anonymous_1)
FNDA:3,(anonymous_2)
FNDA:8,(anonymous_3)
FNDA:4,(anonymous_4)
FNDA:3,(anonymous_5)
DA:1,4
DA:2,4
DA:4,4
DA:5,5
DA:6,5
DA:7,5
DA:8,4
DA:10,1
DA:14,4
DA:15,3
DA:16,3
DA:17,3
DA:18,3
DA:19,3
DA:26,2
DA:28,1
DA:32,4
DA:33,3
DA:34,3
DA:41,2
DA:42,1
DA:44,1
DA:48,4
DA:49,8
DA:50,8
DA:52,8
DA:53,7
DA:55,6
DA:56,1
DA:63,5
DA:66,3
DA:67,3
DA:68,3
DA:71,2
DA:72,2
DA:73,2
DA:76,4
DA:77,4
DA:78,4
DA:80,4
DA:88,4
DA:90,1
DA:94,4
DA:95,4
DA:96,4
DA:97,4
DA:98,3
DA:99,2
DA:101,1
DA:105,4
DA:106,3
DA:107,3
DA:108,2
DA:109,1
DA:111,1
DA:115,4
LF:56
LH:56
BRDA:18,0,0,1
BRDA:18,0,1,2
BRDA:41,1,0,1
BRDA:41,1,1,1
BRDA:53,2,0,1
BRDA:53,2,1,6
BRDA:55,3,0,1
BRDA:55,3,1,5
BRDA:63,4,0,3
BRDA:63,4,1,2
BRDA:67,5,0,3
BRDA:67,5,1,0
BRDA:71,6,0,0
BRDA:71,6,1,2
BRDA:73,7,0,1
BRDA:73,7,1,1
BRDA:98,8,0,1
BRDA:98,8,1,2
BRDA:108,9,0,1
BRDA:108,9,1,1
BRF:20
BRH:18
end_of_record
TN:
SF:controllers\resourceStaff\staffController.js
FN:5,(anonymous_0)
FN:34,(anonymous_1)
FN:43,(anonymous_2)
FN:53,(anonymous_3)
FN:64,(anonymous_4)
FNF:5
FNH:5
FNDA:5,(anonymous_0)
FNDA:2,(anonymous_1)
FNDA:3,(anonymous_2)
FNDA:3,(anonymous_3)
FNDA:3,(anonymous_4)
DA:1,4
DA:2,4
DA:3,4
DA:5,4
DA:6,5
DA:7,5
DA:9,5
DA:10,0
DA:13,5
DA:14,0
DA:17,5
DA:18,4
DA:20,3
DA:21,3
DA:23,2
DA:26,2
DA:28,2
DA:30,1
DA:34,4
DA:35,2
DA:36,2
DA:37,1
DA:39,1
DA:43,4
DA:44,3
DA:45,3
DA:46,2
DA:47,1
DA:49,1
DA:53,4
DA:54,3
DA:55,3
DA:56,3
DA:57,2
DA:58,1
DA:60,1
DA:64,4
DA:65,3
DA:66,3
DA:67,2
DA:68,1
DA:70,1
DA:74,4
LF:43
LH:41
BRDA:9,0,0,0
BRDA:9,0,1,5
BRDA:13,1,0,0
BRDA:13,1,1,5
BRDA:18,2,0,1
BRDA:18,2,1,3
BRDA:21,3,0,1
BRDA:21,3,1,2
BRDA:46,4,0,1
BRDA:46,4,1,1
BRDA:57,5,0,1
BRDA:57,5,1,1
BRDA:67,6,0,1
BRDA:67,6,1,1
BRF:14
BRH:12
end_of_record
TN:
SF:middleware\auth.js
FN:4,(anonymous_0)
FN:30,(anonymous_1)
FN:31,(anonymous_2)
FNF:3
FNH:3
FNDA:69,(anonymous_0)
FNDA:96,(anonymous_1)
FNDA:49,(anonymous_2)
DA:1,3
DA:2,3
DA:4,3
DA:5,69
DA:6,69
DA:8,69
DA:9,10
DA:12,59
DA:13,59
DA:15,59
DA:16,0
DA:19,59
DA:20,0
DA:23,59
DA:24,59
DA:26,0
DA:30,3
DA:31,96
DA:32,49
DA:33,5
DA:35,44
DA:39,3
LF:22
LH:19
BRDA:8,0,0,10
BRDA:8,0,1,59
BRDA:15,1,0,0
BRDA:15,1,1,59
BRDA:19,2,0,0
BRDA:19,2,1,59
BRDA:32,3,0,5
BRDA:32,3,1,44
BRF:8
BRH:6
end_of_record
TN:
SF:middleware\rangerUpload.js
FN:12,(anonymous_0)
FN:13,(anonymous_1)
FN:19,(anonymous_2)
FNF:3
FNH:0
FNDA:0,(anonymous_0)
FNDA:0,(anonymous_1)
FNDA:0,(anonymous_2)
DA:1,3
DA:2,3
DA:3,3
DA:4,3
DA:6,3
DA:7,3
DA:8,0
DA:11,3
DA:12,0
DA:14,0
DA:15,0
DA:19,3
DA:20,0
DA:21,0
DA:22,0
DA:25,3
DA:27,3
DA:31,3
LF:18
LH:11
BRDA:7,0,0,0
BRDA:7,0,1,3
BRDA:14,1,0,0
BRDA:14,1,1,0
BRDA:14,1,2,0
BRDA:20,2,0,0
BRDA:20,2,1,0
BRDA:21,3,0,0
BRDA:21,3,1,0
BRDA:27,4,0,3
BRDA:27,4,1,0
BRF:11
BRH:2
end_of_record
TN:
SF:middleware\rateLimitAi.js
FNF:0
FNH:0
DA:1,3
DA:3,3
DA:14,3
LF:3
LH:3
BRF:0
BRH:0
end_of_record
TN:
SF:middleware\upload.js
FN:13,(anonymous_0)
FN:30,(anonymous_1)
FNF:2
FNH:0
FNDA:0,(anonymous_0)
FNDA:0,(anonymous_1)
DA:1,3
DA:2,3
DA:6,3
DA:8,3
DA:15,0
DA:16,0
DA:18,0
DA:24,0
DA:25,0
DA:32,0
DA:33,0
DA:35,0
DA:42,3
DA:45,3
DA:47,3
LF:15
LH:7
BRDA:6,0,0,3
BRDA:6,0,1,0
BRDA:15,1,0,0
BRDA:15,1,1,0
BRDA:32,2,0,0
BRDA:32,2,1,0
BRF:6
BRH:1
end_of_record
TN:
SF:models\Alert.js
FN:79,(anonymous_0)
FN:101,(anonymous_1)
FNF:2
FNH:0
FNDA:0,(anonymous_0)
FNDA:0,(anonymous_1)
DA:1,4
DA:3,4
DA:80,0
DA:92,4
DA:93,4
DA:94,4
DA:95,4
DA:96,4
DA:97,4
DA:98,4
DA:101,4
DA:102,0
DA:105,4
LF:13
LH:11
BRDA:80,0,0,0
BRDA:80,0,1,0
BRDA:102,1,0,0
BRDA:102,1,1,0
BRF:4
BRH:0
end_of_record
TN:
SF:models\Case.js
FN:102,(anonymous_0)
FNF:1
FNH:1
FNDA:3,(anonymous_0)
DA:1,3
DA:3,3
DA:102,3
DA:103,3
DA:104,3
DA:107,3
LF:6
LH:6
BRDA:104,0,0,0
BRDA:104,0,1,3
BRF:2
BRH:1
end_of_record
TN:
SF:models\Incident.js
FN:50,(anonymous_0)
FN:62,(anonymous_1)
FN:125,(anonymous_2)
FNF:3
FNH:3
FNDA:33,(anonymous_0)
FNDA:33,(anonymous_1)
FNDA:33,(anonymous_2)
DA:1,4
DA:3,4
DA:23,4
DA:51,33
DA:63,33
DA:125,4
DA:127,33
DA:128,33
DA:132,0
DA:135,0
DA:137,0
DA:138,0
DA:144,0
DA:150,0
DA:153,4
LF:15
LH:9
BRDA:51,0,0,33
BRDA:51,0,1,33
BRDA:51,0,2,33
BRDA:63,1,0,33
BRDA:63,1,1,33
BRDA:63,1,2,33
BRDA:127,2,0,33
BRDA:127,2,1,0
BRDA:135,3,0,0
BRDA:135,3,1,0
BRDA:135,4,0,0
BRDA:135,4,1,0
BRDA:137,5,0,0
BRDA:137,5,1,0
BRDA:137,6,0,0
BRDA:137,6,1,0
BRF:16
BRH:7
end_of_record
TN:
SF:models\Notification.js
FNF:0
FNH:0
DA:1,6
DA:3,6
DA:44,6
DA:45,6
DA:46,6
DA:48,6
LF:6
LH:6
BRF:0
BRH:0
end_of_record
TN:
SF:models\RangerMission.js
FN:86,(anonymous_0)
FN:92,(anonymous_1)
FNF:2
FNH:2
FNDA:21,(anonymous_0)
FNDA:21,(anonymous_1)
DA:1,3
DA:3,3
DA:13,3
DA:20,3
DA:38,3
DA:46,3
DA:84,3
DA:86,3
DA:87,21
DA:88,21
DA:92,3
DA:93,21
DA:94,0
DA:95,0
DA:97,0
DA:103,21
DA:106,3
LF:17
LH:14
BRDA:88,0,0,0
BRDA:88,0,1,21
BRDA:93,1,0,0
BRDA:93,1,1,21
BRDA:93,2,0,21
BRDA:93,2,1,21
BRDA:94,3,0,0
BRDA:94,3,1,0
BRDA:103,4,0,0
BRDA:103,4,1,21
BRF:10
BRH:5
end_of_record
TN:
SF:models\Team.js
FN:44,(anonymous_0)
FNF:1
FNH:0
FNDA:0,(anonymous_0)
DA:1,3
DA:3,3
DA:44,3
DA:45,0
DA:46,0
DA:49,3
LF:6
LH:4
BRF:0
BRH:0
end_of_record
TN:
SF:models\ThreatReport.js
FN:68,(anonymous_0)
FNF:1
FNH:0
FNDA:0,(anonymous_0)
DA:1,3
DA:3,3
DA:68,3
DA:69,0
DA:70,0
DA:71,0
DA:75,3
LF:7
LH:4
BRDA:70,0,0,0
BRDA:70,0,1,0
BRF:2
BRH:0
end_of_record
TN:
SF:models\User.js
FN:55,(anonymous_0)
FN:61,(anonymous_1)
FNF:2
FNH:1
FNDA:19,(anonymous_0)
FNDA:0,(anonymous_1)
DA:1,7
DA:2,7
DA:4,7
DA:52,7
DA:55,7
DA:56,19
DA:57,19
DA:61,7
DA:62,0
DA:65,7
LF:10
LH:9
BRDA:56,0,0,0
BRDA:56,0,1,19
BRF:2
BRH:1
end_of_record
TN:
SF:models\awareness\AwarenessContent.js
FNF:0
FNH:0
DA:1,5
DA:8,5
DA:62,5
DA:63,5
DA:64,5
DA:66,5
LF:6
LH:6
BRF:0
BRH:0
end_of_record
TN:
SF:models\resourceStaff\Resource.js
FNF:0
FNH:0
DA:1,4
DA:3,4
DA:32,4
LF:3
LH:3
BRF:0
BRH:0
end_of_record
TN:
SF:models\resourceStaff\Staff.js
FNF:0
FNH:0
DA:1,5
DA:3,5
DA:28,5
LF:3
LH:3
BRF:0
BRH:0
end_of_record
TN:
SF:routes\aiRoutes.js
FN:11,(anonymous_0)
FN:22,(anonymous_1)
FN:34,(anonymous_2)
FNF:3
FNH:0
FNDA:0,(anonymous_0)
FNDA:0,(anonymous_1)
FNDA:0,(anonymous_2)
DA:1,3
DA:2,3
DA:3,3
DA:4,3
DA:5,3
DA:7,3
DA:11,3
DA:12,0
DA:13,0
DA:14,0
DA:16,0
DA:22,3
DA:23,0
DA:24,0
DA:25,0
DA:26,0
DA:28,0
DA:34,3
DA:35,0
DA:36,0
DA:37,0
DA:38,0
DA:40,0
DA:44,3
LF:24
LH:10
BRF:0
BRH:0
end_of_record
TN:
SF:routes\alertRoutes.js
FNF:0
FNH:0
DA:1,3
DA:2,3
DA:4,3
DA:5,3
DA:7,3
DA:10,3
DA:11,3
DA:12,3
DA:13,3
DA:14,3
DA:15,3
DA:16,3
DA:17,3
DA:20,3
DA:21,3
DA:22,3
DA:24,3
LF:17
LH:17
BRF:0
BRH:0
end_of_record
TN:
SF:routes\analyticsRoutes.js
FNF:0
FNH:0
DA:1,3
DA:2,3
DA:7,3
DA:12,3
DA:13,3
DA:15,3
DA:18,3
DA:19,3
DA:20,3
DA:23,3
DA:24,3
DA:25,3
DA:27,3
LF:13
LH:13
BRF:0
BRH:0
end_of_record
TN:
SF:routes\assignmentRoutes.js
FN:9,(anonymous_0)
FN:24,(anonymous_1)
FN:47,(anonymous_2)
FN:63,(anonymous_3)
FN:84,(anonymous_4)
FN:108,(anonymous_5)
FN:122,(anonymous_6)
FN:176,(anonymous_7)
FN:191,(anonymous_8)
FN:249,(anonymous_9)
FN:258,(anonymous_10)
FN:272,(anonymous_11)
FN:327,(anonymous_12)
FN:342,(anonymous_13)
FN:362,(anonymous_14)
FN:380,(anonymous_15)
FNF:16
FNH:0
FNDA:0,(anonymous_0)
FNDA:0,(anonymous_1)
FNDA:0,(anonymous_2)
FNDA:0,(anonymous_3)
FNDA:0,(anonymous_4)
FNDA:0,(anonymous_5)
FNDA:0,(anonymous_6)
FNDA:0,(anonymous_7)
FNDA:0,(anonymous_8)
FNDA:0,(anonymous_9)
FNDA:0,(anonymous_10)
FNDA:0,(anonymous_11)
FNDA:0,(anonymous_12)
FNDA:0,(anonymous_13)
FNDA:0,(anonymous_14)
FNDA:0,(anonymous_15)
DA:1,3
DA:2,3
DA:3,3
DA:4,3
DA:5,3
DA:6,3
DA:7,3
DA:9,3
DA:24,3
DA:25,0
DA:26,0
DA:28,0
DA:34,0
DA:40,0
DA:41,0
DA:47,0
DA:48,0
DA:51,0
DA:55,0
DA:57,0
DA:58,0
DA:63,3
DA:64,0
DA:65,0
DA:67,0
DA:68,0
DA:69,0
DA:72,0
DA:76,0
DA:78,0
DA:79,0
DA:84,3
DA:85,0
DA:86,0
DA:88,0
DA:89,0
DA:90,0
DA:93,0
DA:94,0
DA:97,0
DA:99,0
DA:101,0
DA:107,0
DA:109,0
DA:113,0
DA:122,0
DA:123,0
DA:125,0
DA:126,0
DA:127,0
DA:129,0
DA:131,0
DA:139,0
DA:142,0
DA:147,0
DA:148,0
DA:149,0
DA:153,0
DA:154,0
DA:157,0
DA:160,0
DA:161,0
DA:162,0
DA:170,0
DA:172,0
DA:173,0
DA:176,0
DA:179,0
DA:185,0
DA:186,0
DA:191,3
DA:192,0
DA:193,0
DA:195,0
DA:196,0
DA:199,0
DA:200,0
DA:204,0
DA:205,0
DA:206,0
DA:207,0
DA:211,0
DA:212,0
DA:213,0
DA:214,0
DA:218,0
DA:220,0
DA:221,0
DA:222,0
DA:224,0
DA:225,0
DA:226,0
DA:229,0
DA:230,0
DA:231,0
DA:234,0
DA:235,0
DA:243,0
DA:245,0
DA:246,0
DA:249,0
DA:252,0
DA:254,0
DA:258,0
DA:259,0
DA:261,0
DA:266,0
DA:267,0
DA:272,3
DA:273,0
DA:274,0
DA:319,0
DA:321,0
DA:322,0
DA:327,3
DA:328,0
DA:329,0
DA:331,0
DA:332,0
DA:336,0
DA:341,0
DA:343,0
DA:349,0
DA:351,0
DA:362,0
DA:365,0
DA:373,0
DA:375,0
DA:380,0
DA:388,0
DA:393,0
DA:394,0
DA:398,3
LF:133
LH:15
BRDA:11,0,0,0
BRDA:11,0,1,0
BRDA:11,1,0,0
BRDA:11,1,1,0
BRDA:13,2,0,0
BRDA:13,2,1,0
BRDA:19,3,0,0
BRDA:19,3,1,0
BRDA:34,4,0,0
BRDA:34,4,1,0
BRDA:40,5,0,0
BRDA:40,5,1,0
BRDA:68,6,0,0
BRDA:68,6,1,0
BRDA:86,7,0,0
BRDA:89,8,0,0
BRDA:89,8,1,0
BRDA:93,9,0,0
BRDA:93,9,1,0
BRDA:93,10,0,0
BRDA:93,10,1,0
BRDA:99,11,0,0
BRDA:99,11,1,0
BRDA:125,12,0,0
BRDA:125,12,1,0
BRDA:129,13,0,0
BRDA:129,13,1,0
BRDA:139,14,0,0
BRDA:139,14,1,0
BRDA:139,14,2,0
BRDA:147,15,0,0
BRDA:147,15,1,0
BRDA:153,16,0,0
BRDA:153,16,1,0
BRDA:160,17,0,0
BRDA:160,17,1,0
BRDA:161,18,0,0
BRDA:161,18,1,0
BRDA:172,19,0,0
BRDA:172,19,1,0
BRDA:172,20,0,0
BRDA:172,20,1,0
BRDA:195,21,0,0
BRDA:195,21,1,0
BRDA:195,22,0,0
BRDA:195,22,1,0
BRDA:199,23,0,0
BRDA:199,23,1,0
BRDA:199,24,0,0
BRDA:199,24,1,0
BRDA:204,25,0,0
BRDA:204,25,1,0
BRDA:206,26,0,0
BRDA:206,26,1,0
BRDA:206,27,0,0
BRDA:206,27,1,0
BRDA:211,28,0,0
BRDA:211,28,1,0
BRDA:213,29,0,0
BRDA:213,29,1,0
BRDA:224,30,0,0
BRDA:224,30,1,0
BRDA:229,31,0,0
BRDA:229,31,1,0
BRDA:230,32,0,0
BRDA:230,32,1,0
BRDA:234,33,0,0
BRDA:234,33,1,0
BRDA:238,34,0,0
BRDA:238,34,1,0
BRDA:245,35,0,0
BRDA:245,35,1,0
BRDA:331,36,0,0
BRDA:331,36,1,0
BRDA:373,37,0,0
BRDA:373,37,1,0
BRDA:385,38,0,0
BRDA:385,38,1,0
BRF:78
BRH:0
end_of_record
TN:
SF:routes\authRoutes.js
FNF:0
FNH:0
DA:1,3
DA:2,3
DA:3,3
DA:4,3
DA:6,3
DA:7,3
DA:8,3
DA:9,3
DA:10,3
DA:12,3
LF:10
LH:10
BRF:0
BRH:0
end_of_record
TN:
SF:routes\awarenessRoutes.js
FNF:0
FNH:0
DA:1,3
DA:2,3
DA:4,3
DA:5,3
DA:8,3
DA:11,3
DA:14,3
DA:17,3
DA:21,3
DA:28,3
DA:35,3
DA:42,3
DA:48,3
LF:13
LH:13
BRF:0
BRH:0
end_of_record
TN:
SF:routes\caseRoutes.js
FN:10,(anonymous_0)
FN:25,(anonymous_1)
FN:32,(anonymous_2)
FN:74,(anonymous_3)
FN:98,(anonymous_4)
FN:164,(anonymous_5)
FN:183,(anonymous_6)
FN:232,(anonymous_7)
FN:246,(anonymous_8)
FN:300,(anonymous_9)
FN:341,(anonymous_10)
FN:369,(anonymous_11)
FN:437,(anonymous_12)
FNF:13
FNH:0
FNDA:0,(anonymous_0)
FNDA:0,(anonymous_1)
FNDA:0,(anonymous_2)
FNDA:0,(anonymous_3)
FNDA:0,(anonymous_4)
FNDA:0,(anonymous_5)
FNDA:0,(anonymous_6)
FNDA:0,(anonymous_7)
FNDA:0,(anonymous_8)
FNDA:0,(anonymous_9)
FNDA:0,(anonymous_10)
FNDA:0,(anonymous_11)
FNDA:0,(anonymous_12)
DA:1,3
DA:2,3
DA:3,3
DA:4,3
DA:5,3
DA:6,3
DA:7,3
DA:8,3
DA:10,3
DA:25,3
DA:26,0
DA:27,0
DA:28,0
DA:32,3
DA:33,0
DA:41,0
DA:43,0
DA:44,0
DA:45,0
DA:46,0
DA:47,0
DA:49,0
DA:57,0
DA:59,0
DA:68,0
DA:69,0
DA:74,3
DA:75,0
DA:76,0
DA:86,0
DA:87,0
DA:90,0
DA:92,0
DA:93,0
DA:98,3
DA:99,0
DA:108,0
DA:111,0
DA:112,0
DA:116,0
DA:117,0
DA:123,0
DA:124,0
DA:125,0
DA:129,0
DA:130,0
DA:131,0
DA:132,0
DA:137,0
DA:149,0
DA:152,0
DA:153,0
DA:159,0
DA:161,0
DA:164,0
DA:168,0
DA:172,0
DA:177,0
DA:178,0
DA:183,3
DA:184,0
DA:185,0
DA:187,0
DA:188,0
DA:191,0
DA:193,0
DA:194,0
DA:198,0
DA:199,0
DA:200,0
DA:201,0
DA:205,0
DA:206,0
DA:207,0
DA:208,0
DA:212,0
DA:213,0
DA:214,0
DA:217,0
DA:218,0
DA:226,0
DA:228,0
DA:229,0
DA:232,0
DA:235,0
DA:240,0
DA:241,0
DA:246,3
DA:247,0
DA:248,0
DA:250,0
DA:252,0
DA:253,0
DA:256,0
DA:257,0
DA:265,0
DA:266,0
DA:275,0
DA:276,0
DA:284,0
DA:285,0
DA:287,0
DA:289,0
DA:294,0
DA:295,0
DA:300,3
DA:301,0
DA:302,0
DA:304,0
DA:306,0
DA:307,0
DA:310,0
DA:317,0
DA:318,0
DA:321,0
DA:328,0
DA:330,0
DA:335,0
DA:336,0
DA:341,3
DA:342,0
DA:343,0
DA:345,0
DA:346,0
DA:349,0
DA:350,0
DA:353,0
DA:354,0
DA:356,0
DA:358,0
DA:363,0
DA:364,0
DA:369,3
DA:370,0
DA:371,0
DA:380,0
DA:389,0
DA:398,0
DA:424,0
DA:431,0
DA:432,0
DA:437,3
DA:438,0
DA:439,0
DA:441,0
DA:442,0
DA:444,0
DA:451,0
DA:453,0
DA:462,0
DA:463,0
DA:467,3
LF:152
LH:20
BRDA:12,0,0,0
BRDA:12,0,1,0
BRDA:12,1,0,0
BRDA:12,1,1,0
BRDA:14,2,0,0
BRDA:14,2,1,0
BRDA:20,3,0,0
BRDA:20,3,1,0
BRDA:39,4,0,0
BRDA:40,5,0,0
BRDA:44,6,0,0
BRDA:44,6,1,0
BRDA:45,7,0,0
BRDA:45,7,1,0
BRDA:46,8,0,0
BRDA:46,8,1,0
BRDA:47,9,0,0
BRDA:47,9,1,0
BRDA:86,10,0,0
BRDA:86,10,1,0
BRDA:111,11,0,0
BRDA:111,11,1,0
BRDA:116,12,0,0
BRDA:116,12,1,0
BRDA:116,13,0,0
BRDA:116,13,1,0
BRDA:116,13,2,0
BRDA:116,13,3,0
BRDA:124,14,0,0
BRDA:124,14,1,0
BRDA:129,15,0,0
BRDA:129,15,1,0
BRDA:131,16,0,0
BRDA:131,16,1,0
BRDA:131,17,0,0
BRDA:131,17,1,0
BRDA:142,18,0,0
BRDA:142,18,1,0
BRDA:144,19,0,0
BRDA:144,19,1,0
BRDA:145,20,0,0
BRDA:145,20,1,0
BRDA:146,21,0,0
BRDA:146,21,1,0
BRDA:152,22,0,0
BRDA:152,22,1,0
BRDA:187,23,0,0
BRDA:187,23,1,0
BRDA:187,24,0,0
BRDA:187,24,1,0
BRDA:193,25,0,0
BRDA:193,25,1,0
BRDA:198,26,0,0
BRDA:198,26,1,0
BRDA:200,27,0,0
BRDA:200,27,1,0
BRDA:200,28,0,0
BRDA:200,28,1,0
BRDA:205,29,0,0
BRDA:205,29,1,0
BRDA:207,30,0,0
BRDA:207,30,1,0
BRDA:212,31,0,0
BRDA:212,31,1,0
BRDA:213,32,0,0
BRDA:213,32,1,0
BRDA:217,33,0,0
BRDA:217,33,1,0
BRDA:221,34,0,0
BRDA:221,34,1,0
BRDA:228,35,0,0
BRDA:228,35,1,0
BRDA:252,36,0,0
BRDA:252,36,1,0
BRDA:256,37,0,0
BRDA:256,37,1,0
BRDA:265,38,0,0
BRDA:265,38,1,0
BRDA:275,39,0,0
BRDA:275,39,1,0
BRDA:306,40,0,0
BRDA:306,40,1,0
BRDA:345,41,0,0
BRDA:345,41,1,0
BRDA:349,42,0,0
BRDA:349,42,1,0
BRDA:428,43,0,0
BRDA:428,43,1,0
BRDA:439,44,0,0
BRDA:439,45,0,0
BRDA:442,46,0,0
BRDA:442,46,1,0
BRF:92
BRH:0
end_of_record
TN:
SF:routes\incidentRoutes.js
FNF:0
FNH:0
DA:1,3
DA:2,3
DA:11,3
DA:12,3
DA:13,3
DA:15,3
DA:17,3
DA:18,3
DA:19,3
DA:20,3
DA:21,3
DA:22,3
DA:23,3
DA:25,3
LF:14
LH:14
BRF:0
BRH:0
end_of_record
TN:
SF:routes\notificationRoutes.js
FNF:0
FNH:0
DA:1,3
DA:2,3
DA:4,3
DA:5,3
DA:8,3
DA:15,3
DA:18,3
DA:21,3
DA:24,3
DA:27,3
DA:34,3
DA:41,3
DA:48,3
DA:54,3
LF:14
LH:14
BRF:0
BRH:0
end_of_record
TN:
SF:routes\rangerRoutes.js
FN:12,(anonymous_0)
FN:44,(anonymous_1)
FN:50,(anonymous_2)
FNF:3
FNH:2
FNDA:1,(anonymous_0)
FNDA:2,(anonymous_1)
FNDA:0,(anonymous_2)
DA:1,3
DA:2,3
DA:3,3
DA:4,3
DA:5,3
DA:8,3
DA:9,3
DA:12,3
DA:13,1
DA:17,3
DA:20,3
DA:23,3
DA:26,3
DA:29,3
DA:32,3
DA:35,3
DA:38,3
DA:42,3
DA:45,2
DA:46,2
DA:47,2
DA:48,2
DA:50,0
DA:51,0
DA:52,0
DA:59,3
DA:62,3
DA:64,3
LF:28
LH:25
BRDA:45,0,0,2
BRDA:45,0,1,0
BRDA:46,1,0,2
BRDA:46,1,1,0
BRDA:51,2,0,0
BRDA:51,2,1,0
BRDA:51,3,0,0
BRDA:51,3,1,0
BRF:8
BRH:2
end_of_record
TN:
SF:routes\resourceRoutes.js
FNF:0
FNH:0
DA:1,0
DA:2,0
DA:3,0
DA:4,0
DA:6,0
DA:7,0
DA:8,0
DA:9,0
DA:10,0
DA:11,0
DA:13,0
LF:11
LH:0
BRF:0
BRH:0
end_of_record
TN:
SF:routes\staffRoutes.js
FNF:0
FNH:0
DA:1,0
DA:2,0
DA:3,0
DA:4,0
DA:7,0
DA:8,0
DA:9,0
DA:10,0
DA:11,0
DA:13,0
LF:10
LH:0
BRF:0
BRH:0
end_of_record
TN:
SF:routes\threatReportRoutes.js
FN:9,(anonymous_0)
FN:22,(anonymous_1)
FN:25,(anonymous_2)
FN:32,(anonymous_3)
FN:68,(anonymous_4)
FN:81,(anonymous_5)
FN:129,(anonymous_6)
FN:155,(anonymous_7)
FN:185,(anonymous_8)
FN:214,(anonymous_9)
FN:274,(anonymous_10)
FN:307,(anonymous_11)
FN:348,(anonymous_12)
FNF:13
FNH:0
FNDA:0,(anonymous_0)
FNDA:0,(anonymous_1)
FNDA:0,(anonymous_2)
FNDA:0,(anonymous_3)
FNDA:0,(anonymous_4)
FNDA:0,(anonymous_5)
FNDA:0,(anonymous_6)
FNDA:0,(anonymous_7)
FNDA:0,(anonymous_8)
FNDA:0,(anonymous_9)
FNDA:0,(anonymous_10)
FNDA:0,(anonymous_11)
FNDA:0,(anonymous_12)
DA:1,3
DA:2,3
DA:3,3
DA:4,3
DA:5,3
DA:6,3
DA:7,3
DA:9,3
DA:10,0
DA:12,0
DA:14,0
DA:16,0
DA:18,0
DA:22,3
DA:25,3
DA:26,0
DA:27,0
DA:28,0
DA:32,3
DA:33,0
DA:42,0
DA:45,0
DA:46,0
DA:52,0
DA:53,0
DA:59,0
DA:60,0
DA:66,0
DA:67,0
DA:68,0
DA:69,0
DA:70,0
DA:74,0
DA:75,0
DA:80,0
DA:81,0
DA:85,0
DA:96,0
DA:98,0
DA:99,0
DA:114,0
DA:117,0
DA:123,0
DA:124,0
DA:129,3
DA:130,0
DA:131,0
DA:134,0
DA:137,0
DA:138,0
DA:140,0
DA:145,0
DA:147,0
DA:149,0
DA:150,0
DA:155,3
DA:156,0
DA:157,0
DA:158,0
DA:160,0
DA:161,0
DA:163,0
DA:168,0
DA:170,0
DA:179,0
DA:180,0
DA:185,3
DA:186,0
DA:190,0
DA:191,0
DA:194,0
DA:197,0
DA:198,0
DA:202,0
DA:203,0
DA:206,0
DA:208,0
DA:209,0
DA:214,3
DA:215,0
DA:216,0
DA:218,0
DA:219,0
DA:222,0
DA:224,0
DA:225,0
DA:228,0
DA:230,0
DA:240,0
DA:242,0
DA:243,0
DA:244,0
DA:245,0
DA:246,0
DA:247,0
DA:248,0
DA:267,0
DA:272,0
DA:273,0
DA:274,0
DA:275,0
DA:276,0
DA:277,0
DA:280,0
DA:281,0
DA:282,0
DA:292,0
DA:296,0
DA:301,0
DA:302,0
DA:307,3
DA:308,0
DA:309,0
DA:318,0
DA:327,0
DA:336,0
DA:342,0
DA:343,0
DA:348,3
DA:349,0
DA:350,0
DA:352,0
DA:353,0
DA:357,0
DA:358,0
DA:359,0
DA:364,0
DA:366,0
DA:368,0
DA:369,0
DA:373,3
LF:131
LH:18
BRDA:10,0,0,0
BRDA:10,0,1,0
BRDA:10,0,2,0
BRDA:10,0,3,0
BRDA:22,1,0,0
BRDA:22,1,1,0
BRDA:45,2,0,0
BRDA:45,2,1,0
BRDA:45,3,0,0
BRDA:45,3,1,0
BRDA:45,3,2,0
BRDA:45,3,3,0
BRDA:45,3,4,0
BRDA:52,4,0,0
BRDA:52,4,1,0
BRDA:52,5,0,0
BRDA:52,5,1,0
BRDA:52,5,2,0
BRDA:59,6,0,0
BRDA:59,6,1,0
BRDA:67,7,0,0
BRDA:67,7,1,0
BRDA:67,8,0,0
BRDA:67,8,1,0
BRDA:69,9,0,0
BRDA:69,9,1,0
BRDA:74,10,0,0
BRDA:74,10,1,0
BRDA:76,11,0,0
BRDA:76,11,1,0
BRDA:76,11,2,0
BRDA:77,12,0,0
BRDA:77,12,1,0
BRDA:77,12,2,0
BRDA:93,13,0,0
BRDA:93,13,1,0
BRDA:110,14,0,0
BRDA:110,14,1,0
BRDA:131,15,0,0
BRDA:131,16,0,0
BRDA:137,17,0,0
BRDA:137,17,1,0
BRDA:138,18,0,0
BRDA:138,18,1,0
BRDA:157,19,0,0
BRDA:157,20,0,0
BRDA:160,21,0,0
BRDA:160,21,1,0
BRDA:161,22,0,0
BRDA:161,22,1,0
BRDA:190,23,0,0
BRDA:190,23,1,0
BRDA:197,24,0,0
BRDA:197,24,1,0
BRDA:202,25,0,0
BRDA:202,25,1,0
BRDA:202,26,0,0
BRDA:202,26,1,0
BRDA:218,27,0,0
BRDA:218,27,1,0
BRDA:224,28,0,0
BRDA:224,28,1,0
BRDA:242,29,0,0
BRDA:242,29,1,0
BRDA:245,30,0,0
BRDA:245,30,1,0
BRDA:247,31,0,0
BRDA:247,31,1,0
BRDA:252,32,0,0
BRDA:252,32,1,0
BRDA:261,33,0,0
BRDA:261,33,1,0
BRDA:272,34,0,0
BRDA:272,34,1,0
BRDA:281,35,0,0
BRDA:281,35,1,0
BRDA:352,36,0,0
BRDA:352,36,1,0
BRDA:358,37,0,0
BRDA:358,37,1,0
BRF:80
BRH:0
end_of_record
TN:
SF:routes\resourceStaff\resourceRoutes.js
FNF:0
FNH:0
DA:1,3
DA:2,3
DA:3,3
DA:4,3
DA:6,3
DA:7,3
DA:8,3
DA:9,3
DA:10,3
DA:11,3
DA:13,3
LF:11
LH:11
BRF:0
BRH:0
end_of_record
TN:
SF:routes\resourceStaff\staffRoutes.js
FNF:0
FNH:0
DA:1,3
DA:2,3
DA:3,3
DA:4,3
DA:6,3
DA:7,3
DA:8,3
DA:9,3
DA:10,3
DA:12,3
LF:10
LH:10
BRF:0
BRH:0
end_of_record
